2021-10-09 12:13:25,658 INFO   Starting AlertsApplication using Java 16.0.2 on DESKTOP-6IH3S7H with PID 12736 (C:\Users\olvic\Documents\OCjava\projet 5\Alerts_2\alerts\target\classes started by olvic in C:\Users\olvic\Documents\OCjava\projet 5\Alerts_2\alerts)
2021-10-09 12:13:25,670 INFO   No active profile set, falling back to default profiles: default
2021-10-09 12:13:27,061 INFO   Tomcat initialized with port(s): 8080 (http)
2021-10-09 12:13:27,081 INFO   Initializing ProtocolHandler ["http-nio-8080"]
2021-10-09 12:13:27,081 INFO   Starting service [Tomcat]
2021-10-09 12:13:27,082 INFO   Starting Servlet engine: [Apache Tomcat/9.0.52]
2021-10-09 12:13:27,227 INFO   Initializing Spring embedded WebApplicationContext
2021-10-09 12:13:27,228 INFO   Root WebApplicationContext: initialization completed in 1515 ms
2021-10-09 12:13:27,374 INFO   begin FirestationController.loadData
2021-10-09 12:13:27,431 INFO   end FirestationController.loadData
2021-10-09 12:13:27,435 INFO   begin MedicalrecordController.loadData
2021-10-09 12:13:27,442 INFO   end MedicalrecordController.loadData
2021-10-09 12:13:27,445 INFO   begin PersonController.loadData
2021-10-09 12:13:27,448 INFO   end PersonController.loadData
2021-10-09 12:13:27,810 INFO   Mapped URL path [/v2/api-docs] onto method [springfox.documentation.swagger2.web.Swagger2Controller#getDocumentation(String, HttpServletRequest)]
2021-10-09 12:13:28,216 INFO   Starting ProtocolHandler ["http-nio-8080"]
2021-10-09 12:13:28,274 INFO   Tomcat started on port(s): 8080 (http) with context path ''
2021-10-09 12:13:28,346 INFO   Tomcat initialized with port(s): 8090 (http)
2021-10-09 12:13:28,347 INFO   Initializing ProtocolHandler ["http-nio-8090"]
2021-10-09 12:13:28,348 INFO   Starting service [Tomcat]
2021-10-09 12:13:28,349 INFO   Starting Servlet engine: [Apache Tomcat/9.0.52]
2021-10-09 12:13:28,384 INFO   Initializing Spring embedded WebApplicationContext
2021-10-09 12:13:28,384 INFO   Root WebApplicationContext: initialization completed in 107 ms
2021-10-09 12:13:28,397 INFO   Exposing 3 endpoint(s) beneath base path '/actuator'
2021-10-09 12:13:28,429 INFO   Starting ProtocolHandler ["http-nio-8090"]
2021-10-09 12:13:28,432 INFO   Tomcat started on port(s): 8090 (http) with context path ''
2021-10-09 12:13:28,435 INFO   Context refreshed
2021-10-09 12:13:28,458 INFO   Found 1 custom documentation plugin(s)
2021-10-09 12:13:28,492 INFO   Scanning for api listing references
2021-10-09 12:13:28,754 INFO   Started AlertsApplication in 3.475 seconds (JVM running for 4.774)
2021-10-09 12:13:29,758 INFO   Initializing Spring DispatcherServlet 'dispatcherServlet'
2021-10-09 12:13:29,758 INFO   Initializing Servlet 'dispatcherServlet'
2021-10-09 12:13:29,760 INFO   Completed initialization in 1 ms
2021-10-09 12:22:01,599 INFO   Application shutdown requested.
