2021-10-17 11:25:25,467 DEBUG  Instantiating CacheAwareContextLoaderDelegate from class [org.springframework.test.context.cache.DefaultCacheAwareContextLoaderDelegate]
2021-10-17 11:25:25,532 DEBUG  Instantiating BootstrapContext using constructor [public org.springframework.test.context.support.DefaultBootstrapContext(java.lang.Class,org.springframework.test.context.CacheAwareContextLoaderDelegate)]
2021-10-17 11:25:25,633 DEBUG  Instantiating TestContextBootstrapper for test class [com.safetynet.alerts.AlertsApplicationTests] from class [org.springframework.boot.test.context.SpringBootTestContextBootstrapper]
2021-10-17 11:25:25,675 INFO   Neither @ContextConfiguration nor @ContextHierarchy found for test class [com.safetynet.alerts.AlertsApplicationTests], using SpringBootContextLoader
2021-10-17 11:25:25,699 DEBUG  Did not detect default resource location for test class [com.safetynet.alerts.AlertsApplicationTests]: class path resource [com/safetynet/alerts/AlertsApplicationTests-context.xml] does not exist
2021-10-17 11:25:25,701 DEBUG  Did not detect default resource location for test class [com.safetynet.alerts.AlertsApplicationTests]: class path resource [com/safetynet/alerts/AlertsApplicationTestsContext.groovy] does not exist
2021-10-17 11:25:25,702 INFO   Could not detect default resource locations for test class [com.safetynet.alerts.AlertsApplicationTests]: no resource found for suffixes {-context.xml, Context.groovy}.
2021-10-17 11:25:25,706 INFO   Could not detect default configuration classes for test class [com.safetynet.alerts.AlertsApplicationTests]: AlertsApplicationTests does not declare any static, non-private, non-final, nested classes annotated with @Configuration.
2021-10-17 11:25:25,852 DEBUG  Could not find an 'annotation declaring class' for annotation type [org.springframework.test.context.ActiveProfiles] and class [com.safetynet.alerts.AlertsApplicationTests]
2021-10-17 11:25:26,031 DEBUG  Identified candidate component class: file [C:\Users\olvic\Documents\GitHub\Alerts2\target\classes\com\safetynet\alerts\AlertsApplication.class]
2021-10-17 11:25:26,041 INFO   Found @SpringBootConfiguration com.safetynet.alerts.AlertsApplication for test class com.safetynet.alerts.AlertsApplicationTests
2021-10-17 11:25:26,347 DEBUG  @TestExecutionListeners is not present for class [com.safetynet.alerts.AlertsApplicationTests]: using defaults.
2021-10-17 11:25:26,349 INFO   Loaded default TestExecutionListener class names from location [META-INF/spring.factories]: [org.springframework.boot.test.mock.mockito.MockitoTestExecutionListener, org.springframework.boot.test.mock.mockito.ResetMocksTestExecutionListener, org.springframework.boot.test.autoconfigure.restdocs.RestDocsTestExecutionListener, org.springframework.boot.test.autoconfigure.web.client.MockRestServiceServerResetTestExecutionListener, org.springframework.boot.test.autoconfigure.web.servlet.MockMvcPrintOnlyOnFailureTestExecutionListener, org.springframework.boot.test.autoconfigure.web.servlet.WebDriverTestExecutionListener, org.springframework.boot.test.autoconfigure.webservices.client.MockWebServiceServerTestExecutionListener, org.springframework.test.context.web.ServletTestExecutionListener, org.springframework.test.context.support.DirtiesContextBeforeModesTestExecutionListener, org.springframework.test.context.event.ApplicationEventsTestExecutionListener, org.springframework.test.context.support.DependencyInjectionTestExecutionListener, org.springframework.test.context.support.DirtiesContextTestExecutionListener, org.springframework.test.context.transaction.TransactionalTestExecutionListener, org.springframework.test.context.jdbc.SqlScriptsTestExecutionListener, org.springframework.test.context.event.EventPublishingTestExecutionListener]
2021-10-17 11:25:26,384 DEBUG  Skipping candidate TestExecutionListener [org.springframework.test.context.transaction.TransactionalTestExecutionListener] due to a missing dependency. Specify custom listener classes or make the default listener classes and their required dependencies available. Offending class: [org/springframework/transaction/TransactionDefinition]
2021-10-17 11:25:26,385 DEBUG  Skipping candidate TestExecutionListener [org.springframework.test.context.jdbc.SqlScriptsTestExecutionListener] due to a missing dependency. Specify custom listener classes or make the default listener classes and their required dependencies available. Offending class: [org/springframework/transaction/interceptor/TransactionAttribute]
2021-10-17 11:25:26,387 INFO   Using TestExecutionListeners: [org.springframework.test.context.web.ServletTestExecutionListener@4b4b02d, org.springframework.test.context.support.DirtiesContextBeforeModesTestExecutionListener@1dd01876, org.springframework.test.context.event.ApplicationEventsTestExecutionListener@12d24c43, org.springframework.boot.test.mock.mockito.MockitoTestExecutionListener@6bf27411, org.springframework.boot.test.autoconfigure.SpringBootDependencyInjectionTestExecutionListener@4a66949a, org.springframework.test.context.support.DirtiesContextTestExecutionListener@57e83608, org.springframework.test.context.event.EventPublishingTestExecutionListener@57d8d8e2, org.springframework.boot.test.mock.mockito.ResetMocksTestExecutionListener@2f726cf4, org.springframework.boot.test.autoconfigure.restdocs.RestDocsTestExecutionListener@514eefc4, org.springframework.boot.test.autoconfigure.web.client.MockRestServiceServerResetTestExecutionListener@4700db93, org.springframework.boot.test.autoconfigure.web.servlet.MockMvcPrintOnlyOnFailureTestExecutionListener@560e1459, org.springframework.boot.test.autoconfigure.web.servlet.WebDriverTestExecutionListener@6aa7d7a0, org.springframework.boot.test.autoconfigure.webservices.client.MockWebServiceServerTestExecutionListener@4c3125ff]
2021-10-17 11:25:26,399 DEBUG  Before test class: context [DefaultTestContext@1cc5d8a9 testClass = AlertsApplicationTests, testInstance = [null], testMethod = [null], testException = [null], mergedContextConfiguration = [WebMergedContextConfiguration@4ec28534 testClass = AlertsApplicationTests, locations = '{}', classes = '{class com.safetynet.alerts.AlertsApplication}', contextInitializerClasses = '[]', activeProfiles = '{}', propertySourceLocations = '{}', propertySourceProperties = '{org.springframework.boot.test.context.SpringBootTestContextBootstrapper=true}', contextCustomizers = set[org.springframework.boot.test.context.filter.ExcludeFilterContextCustomizer@152dbf8e, org.springframework.boot.test.json.DuplicateJsonObjectContextCustomizerFactory$DuplicateJsonObjectContextCustomizer@2259d54f, org.springframework.boot.test.mock.mockito.MockitoContextCustomizer@0, org.springframework.boot.test.web.client.TestRestTemplateContextCustomizer@7c4a5ef2, org.springframework.boot.test.autoconfigure.actuate.metrics.MetricsExportContextCustomizerFactory$DisableMetricExportContextCustomizer@58e4aa67, org.springframework.boot.test.autoconfigure.properties.PropertyMappingContextCustomizer@0, org.springframework.boot.test.autoconfigure.web.servlet.WebDriverContextCustomizerFactory$Customizer@468646ea, org.springframework.boot.test.context.SpringBootTestArgs@1, org.springframework.boot.test.context.SpringBootTestWebEnvironment@5118388b], resourceBasePath = 'src/main/webapp', contextLoader = 'org.springframework.boot.test.context.SpringBootContextLoader', parent = [null]], attributes = map['org.springframework.test.context.web.ServletTestExecutionListener.activateListener' -> true]], class annotated with @DirtiesContext [false] with mode [null].
2021-10-17 11:25:26,513 DEBUG  Adding inlined properties to environment: {spring.jmx.enabled=false, org.springframework.boot.test.context.SpringBootTestContextBootstrapper=true}
2021-10-17 11:25:27,185 INFO   Starting AlertsApplicationTests using Java 11.0.12 on DESKTOP-6IH3S7H with PID 1444 (started by olvic in C:\Users\olvic\Documents\GitHub\Alerts2)
2021-10-17 11:25:27,191 INFO   No active profile set, falling back to default profiles: default
2021-10-17 11:25:29,859 INFO   begin FirestationController.loadData
2021-10-17 11:25:30,052 INFO   end FirestationController.loadData
2021-10-17 11:25:30,065 INFO   begin MedicalrecordController.loadData
2021-10-17 11:25:30,077 INFO   end MedicalrecordController.loadData
2021-10-17 11:25:30,087 INFO   begin PersonController.loadData
2021-10-17 11:25:30,099 INFO   end PersonController.loadData
2021-10-17 11:25:31,825 INFO   Mapped URL path [/v2/api-docs] onto method [springfox.documentation.swagger2.web.Swagger2Controller#getDocumentation(String, HttpServletRequest)]
2021-10-17 11:25:33,321 INFO   Context refreshed
2021-10-17 11:25:33,383 INFO   Found 1 custom documentation plugin(s)
2021-10-17 11:25:33,485 INFO   Scanning for api listing references
2021-10-17 11:25:33,975 INFO   Started AlertsApplicationTests in 7.441 seconds (JVM running for 11.481)
2021-10-17 11:25:34,850 INFO   Neither @ContextConfiguration nor @ContextHierarchy found for test class [com.safetynet.alerts.FirestationControllerTest], using SpringBootContextLoader
2021-10-17 11:25:34,851 INFO   Could not detect default resource locations for test class [com.safetynet.alerts.FirestationControllerTest]: no resource found for suffixes {-context.xml, Context.groovy}.
2021-10-17 11:25:34,852 INFO   Could not detect default configuration classes for test class [com.safetynet.alerts.FirestationControllerTest]: FirestationControllerTest does not declare any static, non-private, non-final, nested classes annotated with @Configuration.
2021-10-17 11:25:34,870 INFO   Found @SpringBootConfiguration com.safetynet.alerts.AlertsApplication for test class com.safetynet.alerts.FirestationControllerTest
2021-10-17 11:25:34,876 INFO   Loaded default TestExecutionListener class names from location [META-INF/spring.factories]: [org.springframework.boot.test.mock.mockito.MockitoTestExecutionListener, org.springframework.boot.test.mock.mockito.ResetMocksTestExecutionListener, org.springframework.boot.test.autoconfigure.restdocs.RestDocsTestExecutionListener, org.springframework.boot.test.autoconfigure.web.client.MockRestServiceServerResetTestExecutionListener, org.springframework.boot.test.autoconfigure.web.servlet.MockMvcPrintOnlyOnFailureTestExecutionListener, org.springframework.boot.test.autoconfigure.web.servlet.WebDriverTestExecutionListener, org.springframework.boot.test.autoconfigure.webservices.client.MockWebServiceServerTestExecutionListener, org.springframework.test.context.web.ServletTestExecutionListener, org.springframework.test.context.support.DirtiesContextBeforeModesTestExecutionListener, org.springframework.test.context.event.ApplicationEventsTestExecutionListener, org.springframework.test.context.support.DependencyInjectionTestExecutionListener, org.springframework.test.context.support.DirtiesContextTestExecutionListener, org.springframework.test.context.transaction.TransactionalTestExecutionListener, org.springframework.test.context.jdbc.SqlScriptsTestExecutionListener, org.springframework.test.context.event.EventPublishingTestExecutionListener]
2021-10-17 11:25:34,880 INFO   Using TestExecutionListeners: [org.springframework.test.context.web.ServletTestExecutionListener@62c4adf, org.springframework.test.context.support.DirtiesContextBeforeModesTestExecutionListener@66266f44, org.springframework.test.context.event.ApplicationEventsTestExecutionListener@9545a62, org.springframework.boot.test.mock.mockito.MockitoTestExecutionListener@5b401048, org.springframework.boot.test.autoconfigure.SpringBootDependencyInjectionTestExecutionListener@3f5ec34d, org.springframework.test.context.support.DirtiesContextTestExecutionListener@6a57c7ad, org.springframework.test.context.event.EventPublishingTestExecutionListener@417b17cf, org.springframework.boot.test.mock.mockito.ResetMocksTestExecutionListener@1a628df8, org.springframework.boot.test.autoconfigure.restdocs.RestDocsTestExecutionListener@536f7152, org.springframework.boot.test.autoconfigure.web.client.MockRestServiceServerResetTestExecutionListener@751ae3d, org.springframework.boot.test.autoconfigure.web.servlet.MockMvcPrintOnlyOnFailureTestExecutionListener@1e0d1477, org.springframework.boot.test.autoconfigure.web.servlet.WebDriverTestExecutionListener@108e5703, org.springframework.boot.test.autoconfigure.webservices.client.MockWebServiceServerTestExecutionListener@38c341a1]
2021-10-17 11:25:34,948 INFO   Starting FirestationControllerTest using Java 11.0.12 on DESKTOP-6IH3S7H with PID 1444 (started by olvic in C:\Users\olvic\Documents\GitHub\Alerts2)
2021-10-17 11:25:34,950 INFO   No active profile set, falling back to default profiles: default
2021-10-17 11:25:35,835 INFO   begin FirestationController.loadData
2021-10-17 11:25:35,845 INFO   end FirestationController.loadData
2021-10-17 11:25:35,854 INFO   begin MedicalrecordController.loadData
2021-10-17 11:25:35,864 INFO   end MedicalrecordController.loadData
2021-10-17 11:25:35,870 INFO   begin PersonController.loadData
2021-10-17 11:25:35,876 INFO   end PersonController.loadData
2021-10-17 11:25:36,578 INFO   Mapped URL path [/v2/api-docs] onto method [springfox.documentation.swagger2.web.Swagger2Controller#getDocumentation(String, HttpServletRequest)]
2021-10-17 11:25:37,291 INFO   Initializing Spring TestDispatcherServlet ''
2021-10-17 11:25:37,291 INFO   Initializing Servlet ''
2021-10-17 11:25:37,292 INFO   Completed initialization in 1 ms
2021-10-17 11:25:37,314 INFO   Context refreshed
2021-10-17 11:25:37,315 INFO   Found 1 custom documentation plugin(s)
2021-10-17 11:25:37,328 INFO   Scanning for api listing references
2021-10-17 11:25:37,554 INFO   Started FirestationControllerTest in 2.667 seconds (JVM running for 15.06)
2021-10-17 11:25:37,680 INFO   begin updateFirestation
2021-10-17 11:25:37,680 INFO   end updateFirestation
2021-10-17 11:25:37,943 INFO   begin createFirestation
2021-10-17 11:25:37,943 INFO   end createFirestation
2021-10-17 11:25:37,953 INFO   Neither @ContextConfiguration nor @ContextHierarchy found for test class [com.safetynet.alerts.MedicalrecordControllerTest], using SpringBootContextLoader
2021-10-17 11:25:37,955 INFO   Could not detect default resource locations for test class [com.safetynet.alerts.MedicalrecordControllerTest]: no resource found for suffixes {-context.xml, Context.groovy}.
2021-10-17 11:25:37,955 INFO   Could not detect default configuration classes for test class [com.safetynet.alerts.MedicalrecordControllerTest]: MedicalrecordControllerTest does not declare any static, non-private, non-final, nested classes annotated with @Configuration.
2021-10-17 11:25:37,959 INFO   Found @SpringBootConfiguration com.safetynet.alerts.AlertsApplication for test class com.safetynet.alerts.MedicalrecordControllerTest
2021-10-17 11:25:37,962 INFO   Loaded default TestExecutionListener class names from location [META-INF/spring.factories]: [org.springframework.boot.test.mock.mockito.MockitoTestExecutionListener, org.springframework.boot.test.mock.mockito.ResetMocksTestExecutionListener, org.springframework.boot.test.autoconfigure.restdocs.RestDocsTestExecutionListener, org.springframework.boot.test.autoconfigure.web.client.MockRestServiceServerResetTestExecutionListener, org.springframework.boot.test.autoconfigure.web.servlet.MockMvcPrintOnlyOnFailureTestExecutionListener, org.springframework.boot.test.autoconfigure.web.servlet.WebDriverTestExecutionListener, org.springframework.boot.test.autoconfigure.webservices.client.MockWebServiceServerTestExecutionListener, org.springframework.test.context.web.ServletTestExecutionListener, org.springframework.test.context.support.DirtiesContextBeforeModesTestExecutionListener, org.springframework.test.context.event.ApplicationEventsTestExecutionListener, org.springframework.test.context.support.DependencyInjectionTestExecutionListener, org.springframework.test.context.support.DirtiesContextTestExecutionListener, org.springframework.test.context.transaction.TransactionalTestExecutionListener, org.springframework.test.context.jdbc.SqlScriptsTestExecutionListener, org.springframework.test.context.event.EventPublishingTestExecutionListener]
2021-10-17 11:25:37,965 INFO   Using TestExecutionListeners: [org.springframework.test.context.web.ServletTestExecutionListener@4de22ca8, org.springframework.test.context.support.DirtiesContextBeforeModesTestExecutionListener@778b75ca, org.springframework.test.context.event.ApplicationEventsTestExecutionListener@5746bbe1, org.springframework.boot.test.mock.mockito.MockitoTestExecutionListener@6305a55, org.springframework.boot.test.autoconfigure.SpringBootDependencyInjectionTestExecutionListener@5aebb157, org.springframework.test.context.support.DirtiesContextTestExecutionListener@7662bae5, org.springframework.test.context.event.EventPublishingTestExecutionListener@14198e7b, org.springframework.boot.test.mock.mockito.ResetMocksTestExecutionListener@107f9c5f, org.springframework.boot.test.autoconfigure.restdocs.RestDocsTestExecutionListener@1719e60e, org.springframework.boot.test.autoconfigure.web.client.MockRestServiceServerResetTestExecutionListener@744fd39a, org.springframework.boot.test.autoconfigure.web.servlet.MockMvcPrintOnlyOnFailureTestExecutionListener@2cfde13e, org.springframework.boot.test.autoconfigure.web.servlet.WebDriverTestExecutionListener@400c0d9a, org.springframework.boot.test.autoconfigure.webservices.client.MockWebServiceServerTestExecutionListener@187daa03]
2021-10-17 11:25:38,012 INFO   begin createMedicalrecord
2021-10-17 11:25:38,013 INFO   end createMedicalrecord
2021-10-17 11:25:38,044 INFO   begin deleteMedicalrecord
2021-10-17 11:25:38,045 INFO   end deleteMedicalrecord
2021-10-17 11:25:38,057 INFO   begin updateMedicalrecord
2021-10-17 11:25:38,058 INFO   end updateMedicalrecord
2021-10-17 11:25:38,067 INFO   Neither @ContextConfiguration nor @ContextHierarchy found for test class [com.safetynet.alerts.PersonController_0_Test], using SpringBootContextLoader
2021-10-17 11:25:38,069 INFO   Could not detect default resource locations for test class [com.safetynet.alerts.PersonController_0_Test]: no resource found for suffixes {-context.xml, Context.groovy}.
2021-10-17 11:25:38,070 INFO   Could not detect default configuration classes for test class [com.safetynet.alerts.PersonController_0_Test]: PersonController_0_Test does not declare any static, non-private, non-final, nested classes annotated with @Configuration.
2021-10-17 11:25:38,074 INFO   Found @SpringBootConfiguration com.safetynet.alerts.AlertsApplication for test class com.safetynet.alerts.PersonController_0_Test
2021-10-17 11:25:38,080 INFO   Loaded default TestExecutionListener class names from location [META-INF/spring.factories]: [org.springframework.boot.test.mock.mockito.MockitoTestExecutionListener, org.springframework.boot.test.mock.mockito.ResetMocksTestExecutionListener, org.springframework.boot.test.autoconfigure.restdocs.RestDocsTestExecutionListener, org.springframework.boot.test.autoconfigure.web.client.MockRestServiceServerResetTestExecutionListener, org.springframework.boot.test.autoconfigure.web.servlet.MockMvcPrintOnlyOnFailureTestExecutionListener, org.springframework.boot.test.autoconfigure.web.servlet.WebDriverTestExecutionListener, org.springframework.boot.test.autoconfigure.webservices.client.MockWebServiceServerTestExecutionListener, org.springframework.test.context.web.ServletTestExecutionListener, org.springframework.test.context.support.DirtiesContextBeforeModesTestExecutionListener, org.springframework.test.context.event.ApplicationEventsTestExecutionListener, org.springframework.test.context.support.DependencyInjectionTestExecutionListener, org.springframework.test.context.support.DirtiesContextTestExecutionListener, org.springframework.test.context.transaction.TransactionalTestExecutionListener, org.springframework.test.context.jdbc.SqlScriptsTestExecutionListener, org.springframework.test.context.event.EventPublishingTestExecutionListener]
2021-10-17 11:25:38,084 INFO   Using TestExecutionListeners: [org.springframework.test.context.web.ServletTestExecutionListener@7c47cd4f, org.springframework.test.context.support.DirtiesContextBeforeModesTestExecutionListener@6b785578, org.springframework.test.context.event.ApplicationEventsTestExecutionListener@3a35c867, org.springframework.boot.test.mock.mockito.MockitoTestExecutionListener@667024fe, org.springframework.boot.test.autoconfigure.SpringBootDependencyInjectionTestExecutionListener@249fb0ca, org.springframework.test.context.support.DirtiesContextTestExecutionListener@d65e2b4, org.springframework.test.context.event.EventPublishingTestExecutionListener@1907758f, org.springframework.boot.test.mock.mockito.ResetMocksTestExecutionListener@7eb7e585, org.springframework.boot.test.autoconfigure.restdocs.RestDocsTestExecutionListener@27f71379, org.springframework.boot.test.autoconfigure.web.client.MockRestServiceServerResetTestExecutionListener@5252571, org.springframework.boot.test.autoconfigure.web.servlet.MockMvcPrintOnlyOnFailureTestExecutionListener@272c9357, org.springframework.boot.test.autoconfigure.web.servlet.WebDriverTestExecutionListener@6676c1fa, org.springframework.boot.test.autoconfigure.webservices.client.MockWebServiceServerTestExecutionListener@79856a96]
2021-10-17 11:25:38,098 INFO   begin findPerson by first name
2021-10-17 11:25:38,099 INFO   end findPerson by first name
2021-10-17 11:25:38,261 INFO   begin createPerson
2021-10-17 11:25:38,262 INFO   end createPerson
2021-10-17 11:25:38,273 INFO   begin findPersons
2021-10-17 11:25:38,274 INFO   end findPersons
2021-10-17 11:25:38,296 INFO   begin updatePerson
2021-10-17 11:25:38,296 INFO   end updatePerson
2021-10-17 11:25:38,338 INFO   begin deletePerson
2021-10-17 11:25:38,339 INFO   end deletePerson
2021-10-17 11:25:38,352 INFO   Neither @ContextConfiguration nor @ContextHierarchy found for test class [com.safetynet.alerts.PersonController_1_Test], using SpringBootContextLoader
2021-10-17 11:25:38,353 INFO   Could not detect default resource locations for test class [com.safetynet.alerts.PersonController_1_Test]: no resource found for suffixes {-context.xml, Context.groovy}.
2021-10-17 11:25:38,354 INFO   Could not detect default configuration classes for test class [com.safetynet.alerts.PersonController_1_Test]: PersonController_1_Test does not declare any static, non-private, non-final, nested classes annotated with @Configuration.
2021-10-17 11:25:38,363 INFO   Found @SpringBootConfiguration com.safetynet.alerts.AlertsApplication for test class com.safetynet.alerts.PersonController_1_Test
2021-10-17 11:25:38,367 INFO   Loaded default TestExecutionListener class names from location [META-INF/spring.factories]: [org.springframework.boot.test.mock.mockito.MockitoTestExecutionListener, org.springframework.boot.test.mock.mockito.ResetMocksTestExecutionListener, org.springframework.boot.test.autoconfigure.restdocs.RestDocsTestExecutionListener, org.springframework.boot.test.autoconfigure.web.client.MockRestServiceServerResetTestExecutionListener, org.springframework.boot.test.autoconfigure.web.servlet.MockMvcPrintOnlyOnFailureTestExecutionListener, org.springframework.boot.test.autoconfigure.web.servlet.WebDriverTestExecutionListener, org.springframework.boot.test.autoconfigure.webservices.client.MockWebServiceServerTestExecutionListener, org.springframework.test.context.web.ServletTestExecutionListener, org.springframework.test.context.support.DirtiesContextBeforeModesTestExecutionListener, org.springframework.test.context.event.ApplicationEventsTestExecutionListener, org.springframework.test.context.support.DependencyInjectionTestExecutionListener, org.springframework.test.context.support.DirtiesContextTestExecutionListener, org.springframework.test.context.transaction.TransactionalTestExecutionListener, org.springframework.test.context.jdbc.SqlScriptsTestExecutionListener, org.springframework.test.context.event.EventPublishingTestExecutionListener]
2021-10-17 11:25:38,369 INFO   Using TestExecutionListeners: [org.springframework.test.context.web.ServletTestExecutionListener@581560c8, org.springframework.test.context.support.DirtiesContextBeforeModesTestExecutionListener@3166bd09, org.springframework.test.context.event.ApplicationEventsTestExecutionListener@2e5e3877, org.springframework.boot.test.mock.mockito.MockitoTestExecutionListener@7b5570dc, org.springframework.boot.test.autoconfigure.SpringBootDependencyInjectionTestExecutionListener@8354c5e, org.springframework.test.context.support.DirtiesContextTestExecutionListener@cbf36a4, org.springframework.test.context.event.EventPublishingTestExecutionListener@53fd2ac4, org.springframework.boot.test.mock.mockito.ResetMocksTestExecutionListener@3fe73f7, org.springframework.boot.test.autoconfigure.restdocs.RestDocsTestExecutionListener@210b986a, org.springframework.boot.test.autoconfigure.web.client.MockRestServiceServerResetTestExecutionListener@54f490f9, org.springframework.boot.test.autoconfigure.web.servlet.MockMvcPrintOnlyOnFailureTestExecutionListener@6e653ba9, org.springframework.boot.test.autoconfigure.web.servlet.WebDriverTestExecutionListener@1ef49c59, org.springframework.boot.test.autoconfigure.webservices.client.MockWebServiceServerTestExecutionListener@63c18f25]
2021-10-17 11:25:38,419 INFO   Starting PersonController_1_Test using Java 11.0.12 on DESKTOP-6IH3S7H with PID 1444 (started by olvic in C:\Users\olvic\Documents\GitHub\Alerts2)
2021-10-17 11:25:38,421 INFO   No active profile set, falling back to default profiles: default
2021-10-17 11:25:39,507 INFO   begin FirestationController.loadData
2021-10-17 11:25:39,516 INFO   end FirestationController.loadData
2021-10-17 11:25:39,525 INFO   begin MedicalrecordController.loadData
2021-10-17 11:25:39,534 INFO   end MedicalrecordController.loadData
2021-10-17 11:25:40,189 INFO   Mapped URL path [/v2/api-docs] onto method [springfox.documentation.swagger2.web.Swagger2Controller#getDocumentation(String, HttpServletRequest)]
2021-10-17 11:25:40,813 INFO   Initializing Spring TestDispatcherServlet ''
2021-10-17 11:25:40,813 INFO   Initializing Servlet ''
2021-10-17 11:25:40,815 INFO   Completed initialization in 1 ms
2021-10-17 11:25:40,835 INFO   Context refreshed
2021-10-17 11:25:40,837 INFO   Found 1 custom documentation plugin(s)
2021-10-17 11:25:40,849 INFO   Scanning for api listing references
2021-10-17 11:25:41,039 INFO   Started PersonController_1_Test in 2.665 seconds (JVM running for 18.545)
2021-10-17 11:25:41,198 WARN   Resolved [org.springframework.web.HttpMediaTypeNotSupportedException: Content type 'application/octet-stream' not supported]
2021-10-17 11:25:41,216 INFO   Neither @ContextConfiguration nor @ContextHierarchy found for test class [com.safetynet.alerts.URLsControllerTest], using SpringBootContextLoader
2021-10-17 11:25:41,218 INFO   Could not detect default resource locations for test class [com.safetynet.alerts.URLsControllerTest]: no resource found for suffixes {-context.xml, Context.groovy}.
2021-10-17 11:25:41,219 INFO   Could not detect default configuration classes for test class [com.safetynet.alerts.URLsControllerTest]: URLsControllerTest does not declare any static, non-private, non-final, nested classes annotated with @Configuration.
2021-10-17 11:25:41,223 INFO   Found @SpringBootConfiguration com.safetynet.alerts.AlertsApplication for test class com.safetynet.alerts.URLsControllerTest
2021-10-17 11:25:41,227 INFO   Loaded default TestExecutionListener class names from location [META-INF/spring.factories]: [org.springframework.boot.test.mock.mockito.MockitoTestExecutionListener, org.springframework.boot.test.mock.mockito.ResetMocksTestExecutionListener, org.springframework.boot.test.autoconfigure.restdocs.RestDocsTestExecutionListener, org.springframework.boot.test.autoconfigure.web.client.MockRestServiceServerResetTestExecutionListener, org.springframework.boot.test.autoconfigure.web.servlet.MockMvcPrintOnlyOnFailureTestExecutionListener, org.springframework.boot.test.autoconfigure.web.servlet.WebDriverTestExecutionListener, org.springframework.boot.test.autoconfigure.webservices.client.MockWebServiceServerTestExecutionListener, org.springframework.test.context.web.ServletTestExecutionListener, org.springframework.test.context.support.DirtiesContextBeforeModesTestExecutionListener, org.springframework.test.context.event.ApplicationEventsTestExecutionListener, org.springframework.test.context.support.DependencyInjectionTestExecutionListener, org.springframework.test.context.support.DirtiesContextTestExecutionListener, org.springframework.test.context.transaction.TransactionalTestExecutionListener, org.springframework.test.context.jdbc.SqlScriptsTestExecutionListener, org.springframework.test.context.event.EventPublishingTestExecutionListener]
2021-10-17 11:25:41,229 INFO   Using TestExecutionListeners: [org.springframework.test.context.web.ServletTestExecutionListener@10a57032, org.springframework.test.context.support.DirtiesContextBeforeModesTestExecutionListener@71cd382e, org.springframework.test.context.event.ApplicationEventsTestExecutionListener@40f945b9, org.springframework.boot.test.mock.mockito.MockitoTestExecutionListener@b507054, org.springframework.boot.test.autoconfigure.SpringBootDependencyInjectionTestExecutionListener@30cfa5ec, org.springframework.test.context.support.DirtiesContextTestExecutionListener@28dbe793, org.springframework.test.context.event.EventPublishingTestExecutionListener@2205bbbc, org.springframework.boot.test.mock.mockito.ResetMocksTestExecutionListener@2adfbd78, org.springframework.boot.test.autoconfigure.restdocs.RestDocsTestExecutionListener@67729d0a, org.springframework.boot.test.autoconfigure.web.client.MockRestServiceServerResetTestExecutionListener@10620908, org.springframework.boot.test.autoconfigure.web.servlet.MockMvcPrintOnlyOnFailureTestExecutionListener@1fb598e3, org.springframework.boot.test.autoconfigure.web.servlet.WebDriverTestExecutionListener@4856c210, org.springframework.boot.test.autoconfigure.webservices.client.MockWebServiceServerTestExecutionListener@3b3f9cdd]
